<?xml version="1.0" encoding="UTF-8"?>
<testng-results ignored="0" total="1" passed="1" failed="0" skipped="0">
  <reporter-output>
  </reporter-output>
  <suite started-at="2025-01-25T22:53:07 JST" name="Default suite" finished-at="2025-01-25T22:53:07 JST" duration-ms="74">
    <groups>
    </groups>
    <test started-at="2025-01-25T22:53:07 JST" name="Default test" finished-at="2025-01-25T22:53:07 JST" duration-ms="74">
      <class name="dannyAppiumCourse.AppiumBasics">
        <test-method signature="AppiumTest()[pri:0, instance:dannyAppiumCourse.AppiumBasics@76a4ebf2]" started-at="2025-01-25T22:53:07 JST" name="AppiumTest" finished-at="2025-01-25T22:53:07 JST" duration-ms="6" status="PASS">
          <reporter-output>
          </reporter-output>
        </test-method> <!-- AppiumTest -->
      </class> <!-- dannyAppiumCourse.AppiumBasics -->
    </test> <!-- Default test -->
  </suite> <!-- Default suite -->
</testng-results>
